<?xml version="1.0" encoding="UTF-8"?>
<testng-results ignored="0" total="1" passed="1" failed="0" skipped="0">
  <reporter-output>
  </reporter-output>
  <suite started-at="2023-11-29T16:58:48 IST" name="Suite" finished-at="2023-11-29T16:59:31 IST" duration-ms="42013">
    <groups>
    </groups>
    <test started-at="2023-11-29T16:58:48 IST" name="Test" finished-at="2023-11-29T16:59:31 IST" duration-ms="42013">
      <class name="Flipkart.AddAProductToCartTest">
        <test-method is-config="true" signature="launchBrowser()[pri:0, instance:Flipkart.AddAProductToCartTest@534a5a98]" started-at="2023-11-29T16:58:49 IST" name="launchBrowser" finished-at="2023-11-29T16:58:55 IST" duration-ms="6885" status="PASS">
          <reporter-output>
          </reporter-output>
        </test-method> <!-- launchBrowser -->
        <test-method signature="addAProductToCartTest()[pri:0, instance:Flipkart.AddAProductToCartTest@534a5a98]" started-at="2023-11-29T16:58:55 IST" name="addAProductToCartTest" finished-at="2023-11-29T16:59:30 IST" duration-ms="34278" status="PASS">
          <reporter-output>
          </reporter-output>
        </test-method> <!-- addAProductToCartTest -->
        <test-method is-config="true" signature="closeBrowser()[pri:0, instance:Flipkart.AddAProductToCartTest@534a5a98]" started-at="2023-11-29T16:59:30 IST" name="closeBrowser" finished-at="2023-11-29T16:59:31 IST" duration-ms="770" status="PASS">
          <reporter-output>
          </reporter-output>
        </test-method> <!-- closeBrowser -->
      </class> <!-- Flipkart.AddAProductToCartTest -->
    </test> <!-- Test -->
  </suite> <!-- Suite -->
</testng-results>
